d nadkarni	s basu	v honavar	r lutz
c yan	m terribilini	f wu	rl jernigan	d dobbs	v honavar
y zhang	p mitra	j yen	wt fu
a brock	l kvasny	k hales
m tyworth	na giacobe	v mancuso	c dancy
b zheng	wc lee	p liu	dl lee	x ding
ld strater	j yen	m mcneese	hm cuevas	t hanratty	s oh
j yen	m mcneese	t mullen	d hall	x fan	p liu
lpmzw zhe
jjw yoo	s kumara	d lee	sc oh
vf mancuso	d minotra	n giacobe…
fe ritter
陈广银， 陈洪斌， 何群彪， 张小龙
jr warren	ml hecht	e jung	l kvasny	mg henderson
l xiao	s clark	mb rosson	jm carroll
dk kang	asj zhang	v honavar
jz wang	r datta	j li
l peng	d zhenqi	q yan	z ying
d fusco	f pasternack	k ward…
b sun	p mitra	c lee giles	kt mueller
d yuan	p mitra
h du	h jiang	mb rosson	jm carroll
lb erickson	em trauth	i petrick
jy lee
h xu	lb oh	hh teo
y ma	h mohabi	a wagner	j wright	z zhou
h song	s zhu	w zhang	g cao
ch tan	x yang	h xu
sc hayne	b bugbee	h wang
d he	j bu	s zhu	m yin	y gao	h wang	s chan	c chen
b hanrahan	g bouchard	g convertino	t weksteen	n kong	...
k hamilton	v mancuso	d minotra	r hoult	s mohammed	a parr	...
ss yeo	jh park	lt yang	s hussain	dg lee	ki chung	hj kim	...
v pipek	mb rosson	v wulf
j woo	a bhargav-spantzel	ac squicciarini	e bertino
ay yang	a genesh	z zhou	ss sastry	y ma
刘彭江， 董温荣， 吕跃， 许衡
홍승길， 신중두， 권순익， 박우균， 이덕배， 김정규
b qiu	q he	j yen
vl hanson	a sears
a jaiswal	dj miller	p mitra
l yao	p suryanarayan	m qiao	jz wang	j li
rcs pacheco	ft fonseca	fd beppler
k aldridge	y heuze	c percival	j stella	lg howell	i george	j marsh	...
p scerri	d reitter
h li	y tian	wc lee	cl giles	mc chen
s bhatia	p mitra
s zhu	y ma	j feng	a sears
hj smith	t dinev	h xu
nl griffin	k d'aoūt	tm ryan	bg richmond	ra ketcham	a postnov
s yan	d lee	ah wang
h sun	s basu	v honavar	r lutz
k bai	y liu	p liu
ch tan	hh teo	h xu
h gou	y liu	s zhang	d li
mh wu	wy yeh	r xuan	wy liao	jt hsu	mt chu
m terribilini	c caragea	j sander	v honavar	d dobbs
cf maitland	hf thomas iii	lmn tchouakeu
a sears	j lazar	a ozok	g meiselwitz
jm carroll	jd burge	s robertson	mb rosson
l jianping	l pi	y hua-zheng	v nagarajan
f fonseca
s zhang	u farooq	jm carroll
k hamlen	p liu	m kantarcioglu	b thuraisingham	t yu
q gu	l peng	l wang-chien	c chao-hsien
j bao	g voutsadakis	g slutzki	v honavar
kt mueller	p mitra	cl giles	bj garrsison	jd kubicki	jz bandstra
p treeratpituk	p teregowda	j huang	cl giles
lm vizer	l zhou	a sears
j sinapov	c caragea	d dobbs	v honavar
j li	j zhang
p treeratpituk	sm taylor	cl giles
x jia	j shao	j jing	p liu
da wilson	dj fusco	td uschold	rf spetzler…
d howcroft	em trauth
h xu	c zhang	p shi	p song
a waibel	h steusloff	r stiefelhagen	k watson
m zhao	c zhong	r ciamaichelo	m konek	n sawant	na giacobe
x zhang	b soontornworajit	z zhang	n chen	y wang
d uriu	m namai	s tokuhisa	r kashiwagi	m inami	n okude
s zhang	x jia	p liu	j jing
d kong	yc jhi	t gong	s zhu	p liu	h xi
jm carrol
l kvasny	em trauth	aj morgan
l kvasny	cf igwe
j daughtry	j burge	jm carroll	c potts
l gou	hh chen	jh kim	xl zhang	cl giles
ch ganoe	hr robinson	ma horning	x xie	jm carroll
bj jansen	a tapia	a spink
a squicciarini	e bertino	x kong	w zhang
d lin	a squicciarini
ae barnhill	la hecker	o kohutyuk	je buss	vg honavar	hw greenlee
j grossklags	n christin	j chuang
t yi	x junmei	l peiyu
cf maitland	m cave	rn clarke
y liu	y zheng
em trauth
mc reddy	bj jansen
g st
a squicciarini	f paci	s sundareswaran
jm carroll	pl isenhour
x jinlan	l peng	w minxi	w runmin	l li	q guanzhou
d tian	x xiong	c hu	p liu
iu scott	v kathlene leonard	ja jacko
a walker	tm ryan	mt silcox	el simons	f spoor
lcxra jordan	el yasser	d dobbs	v honavar
j li	c chu	y wang
j hiam	c zhao	fe ritter
s sundareswaran	ac squicciarini
g airy	t mullen	j yen
a sears	j jacko
mb rosson	e thiry	d zhao	jm carroll
j folkestad	sc hayne
a wu	xl zhang	jm carroll	a klippel
k arai	s yoshii
n martinez-abadías	y wang	ew jabs	t ryan	jt richtsmeier
a wagner	j wright	a ganesh	z zhou	h mobahi	y ma
h hsu	s zhu	a hurson
c caragea	n mcneese	a jaiswal	g traylor	hw kim	p mitra	d wu	...
af van gorp	cf maitland
z li	cx lin	b ding	j han
a sears	v hanson
a klippel	a maceachren	p mitra	i turton	a jaiswal	k soon	x zhang
s gurung	d lin	a squicciarini	ok tonguz
elm yasser	d dobbs	v honavar
s xu	a jaiswal	x zhang	a klippel	p mitra	am maceachren
ac squicciarini	i paloscia	e bertino
p díaz	i aedo	mb rosson	jm carroll
sh han	ch chu
je burge	jm carroll	r mccall	i mistrik
jj po-an hsieh	m keil	j holmström	l kvasny
r ocker	d kracaw	sr hiltz	mb rosson	l plotnick
y hong	j kang	d lee	rl patterson	db van rossum
jm carroll
c caragea	v honavar
pb teregowda	b urgaonkar	cl giles
p teregowda	b urgaonkar	cl giles
d firth	jl king	ca looney	pa pavlou	e trauth
p liu
w chen	s zhu	d li
g duan	n sawant	jz wang	d snow	d ai	yw chen
k zhao	a kumar	tp harrison	j yen
k bai	p liu
ty jang	js lee	gw woo	hc kim	hk lee	sy chung
l jie	xu yong	y wang	c chu
p xie	jh li	x ou	p liu	r levy
f sainfort	ja jacko	pj edwards	bc booske
bj jansen	a chowdury	g cook
s lahiri	jpf ramírez	s nangia	p mitra	cl giles	kt mueller
y li	g pasi	c zhang	n cercone	l cao
j wang	u farooq	jm carroll
s mohammed	m mcneese	v mancuso	k hamilton…
g convertino	hm mentis	a slavkovic	mb rosson	jm carroll
q zeng	j lobo	p liu	s calo	p yadav
mm masud	l khan	b thuraisingham	x wang	p liu	s zhu
cc wu	yt lu
x xiong	d tian	p liu
h lee	s kim	o lee	s choi	s lee
x zhang	p mitra	s xu	ar jaiswal	a klippel	am maceachren
bm blodgett	ah tapia
f fonseca	ca davis	g câmara
n martínez‐abadías	c percival	k aldridge	ca hill	t ryan	...
b luo	d lee	wc lee	p liu
pm bach	j hao	jm carroll
r datta	d joshi	j li	j wang	...
a ganesh	z zhou	y ma
c caragea	d caragea	a silvescu	v honavar
hm mentis	m reddy	mb rosson
a zeininger	tm ryan
l zhu	p mitra
i koutis	gl miller	r peng
a squicciarini	b carminati	s karumanchi
aa abla	t link	d fusco	da wilson…
o yakhnenko	v honavar
f fonseca	j martin	c davis	g camara
h xu	jw bagby	tr melonas
l aarts	md abel	bs abella	dh adams	a agrawal	s akin	a al-farqani	...
sl chan
s zheng	r song	jr wen	cl giles
f li	y chen	b luo	d lee	p liu
y sun	h li	ig councill	j huang	wc lee	cl giles
k kotapati	p liu	tf la porta
h ashman	t brailsford	g burnett	j goulding	a moore	g stewart	...
j yen	h foley	r larsen	e liddy	l giles	j carroll	m mcneese	...
d reitter	f keller	jd moore
wg kennedy	fe ritter	c lebiere	i juvina	a oltramari	j gratch	...
cs anna	e bertino
jm carroll	sr haynes	fe ritter	mb rosson	xl zhang
t yang	d lee
j carroll
em trauth	k kaiser	r connelly…
s ammoun	l zhou	m barczyk	d hilton	s hafizi	co hanemann	...
b hanrahan	s ahuja	m perez-quinones	a kavanaugh
v honavar	rr walia	c zheng	d dobbs	m terribilini	j ferguson	...
z liu	bj jansen	z simon
j shao	p liu	g wei	y ling
hh chen	l gou	xl zhang	cl giles
w huang	s kataria	c caragea	p mitra	cl giles	l rokach
j jansen
n sawant	j li	jz wang
ck tuggle	f towfic	v honavar
y sun	cl giles
k zhao	lm ngamassi	j yen	c maitland	a tapia
m reddy	bj jansen
lqlp jin	xwyzj fu	gl yue
s yan	s bouaziz	d lee
h huang	em trauth
y song	z zhuang	h li	q zhao	j li	wc lee	cl giles
z li	jg lee	x li	j han
z li	d zhou	yf juan	j han
u farooq	jm carroll	ch ganoe
n koul	v honavar
t gong	f yan	d lu	m chen	p liu	p tao	m wang	t li	s jian
l xiao	jm carroll	p clemson	mb rosson
em trauth	m avital	je kendall	ke kendall…
ja konstan	e chi	k höök
lb erickson	em trauth
h liu	b luo	d lee
s sundareswaran	a squicciarini	d lin
bv hanrahan	g convertino	l nelson
n li	mb rosson
s sundareswaran	a squicciarini
bj jansen	d booth
y liu	lv lita	rs niculescu	k bai	p mitra	cl giles
sm sukhdeo	tm ryan
d booth	bj jansen
m yu	p liu	w zang
李杰， 徐勇， 王云峰， 朱昭贤
张小龙， 梅滨， 陈广银， 马前
l xie	x zhang	jp seifert	s zhu
c yan	f wu	rl jernigan	d dobbs	v honavar
a powell
j li	yf wang	zm zhang	ch chu
f zhang	yc jhi	d wu	p liu	s zhu
l zhou	y shi	a sears
m shao	s zhu	w zhang	g cao	y yang
gr santhanam	y suvorov	s basu	v honavar
v natarajan	s zhu	m srivatsa	j opper
dj fusco	s asteraki	rf spetzler
jm carroll	mb rosson
rj cole	p liu
j pathak	s basu	r lutz	v honavar
s gupta	x heng	v sahu
f paci	e bertino	s kerr	ac squicciarini	j woo
h xu	t dinev	hj smith	p hart
g convertino	a wu	ch ganoe	l zhang	jm carroll
y liu	p mitra	cl giles
g petracca	ac squicciarini	w horne	m casassa-mont
l li	p liu	g kesidis
l kvasny	fc payton	kd hales
p marangos	j carroll
h song	s zhu	g cao
s ertekin	j huang	cl giles
t saito
dj fusco	r williamson	v yanamadala…
l zhang	bj jansen	as mattila
r stern
m gartrell	x xing	q lv	a beach	r han	s mishra	k seada
md lytras	jm carroll	e damiani	rd tennyson	d avison	g vossen	...
fe ritter	jw kim
h kil	sc oh	e elmacioglu	w nam	d lee
je gilbert	m burnett	re ladner	mb rosson	j davis
g huangfu	l zhu	l peng	s junpeng	z lu	s zhengyu	h xiuyu
ca davis jr	ft fonseca	g câmara
y hong	j kang	d lee	db van rossum
z li	j han	m ji	la tang	y yu	b ding	jg lee	r kays
g cai	a squicciarini
s ertekin	l bottou	cl giles
j from	p perrin	d o'neill	j yen
j mao	z zou	md sarmiento	f jonsson	lr zheng
j han	z li	la tang
s harper	y yesilada
bw on	i lee	d lee
tj hwang	n kim	sy kim	hh kim	bh lee	rh nam	md hee eun lee	...
t anderson	l bowler	l nathan	e trauth
a spink	bj jansen	c wang
bj jansen	tb flaherty	r baeza-yates	l hunter	b kitts	j murphy
bj jansen	sy rieh
s mohammed	k hamilton	a lim
s lei	l peng
y ji	h ying	ms farber	j yen	p dews	re miller	rm massanari
fe ritter	se kase	lc klein	j bennett	m schoelles
e shakshuki	x xing
d lee
h jo	y na	b oh	j yang	v honavar
m ballora	na giacobe	m mcneese…
wg kennedy	fe ritter	bj best
wxxinlwei hua	zhusw fuhui
oh youngkee	lee deughee	c kim	t kwon
jt richtsmeier	n martinez-abadias	y heuze	cj percival	s motch	...
ah tapia
yh choi	p liu	sw seo
j grossklags	s radosavac	aa cárdenas…
ff wood
zj oster	gr santhanam	s basu	v honavar
u farooq	ch ganoe	jm carroll	ig councill	cl giles
tm ryan	cn shaw	zr hubbell	sm sukhdeo	jh gosman
s zhang	h jiang	jm carroll
j grossklags	j walrand
b hoffman	h robinson	k han	j carroll
x xing
p liu	y liu	b xia	c xiang	x wang	k wu	w wang	q yao
h jiang	jm carroll	c ganoe
sh ahn	gs choi
t uschold	aa abla	d fusco	re bristol…
ck tuggle	smd bearson	jj uthe	th huang	op couture	yf wang	...
na giacobe	vf mancuso	d minotra
s zhou	ch chu	z yu	j kim
yh choi	l li	p liu	g kesidis
p biyani	s bhatia	c caragea	p mitra
ghl fletcher	p mitra
s kataria	w browuer	p mitra	cl giles
ay yang	ss sastry	a ganesh	y ma
l caiyi	z yuxiao	x qiao	w xinli	g wei	t jinwen	l peng	c rui	...
cf maitland	a van gorp
l xie	x zhang	a chaugule	t jaeger	s zhu
lee dongwoo	lim jeongmook	h jeong	g kim	j sunwoo	j kim	...
th fan	b soontornworajit	m karzar-jeddi	x zhang	y wang
ah tapia	e maldonado	lm ngamassi tchouakeu	cf maitland
j feng	s zhu	r hu	a sears
jz wang	f ali	pk srimani
m khabsa	p treeratpituk	cl giles
rj webb	l tinworth	gmh thomas	m zaccolo	j carroll
m zhang
x wang	cc pan	p liu	s zhu
l tchouakeu	c maitland	ah tapia	k bajpai
j dai	x sun	p liu	n giacobe
da wilson	p nakaji	aa abla	td uschold…
kt mueller	wj brouwer	cl giles	p mitra	c lagoze
ah tapia	a powell	ja ortiz
ke kundmueller	sm mcneese…
s fuhrmann	a maceachren	g cai
kj price	a sears
lmn tchouakeu	mk hills	mh jarrahi…
cr johnson	e hendriks	ij berezhnoy	e brevdo	sm hughes	...
sc hayne	c smith
x jiang	w hu	s zhu	g cao
l erickson	i petrick	e trauth
x xing	j dang	r han	x liu
a sears
j martin	f fonseca
mc reddy	sa paul	j abraham	m mcneese	c deflitch	j yen
my kan	d lee	ep lim
n christin	s egelman	t vidas…
n pogrebnyakov	cf maitland
kh hansen
t miwa	n kondou	y yokote
ah tapia	ja ortiz
g convertino	b hanrahan	n kong	t weksteen	g bouchard	...
jy chen	h xu	p shi	a culbertson	em meslin
c hundhausen	e pietriga	p díaz	mb rosson
pm bach	rl lee	jm carroll
er dumont	lr godfrey	tm ryan
a rangaswamy	cl giles	s seres
ej bae	y kang	jw seo	k hwang	hs cho	sh chang	dj park
g halet	p viard	j carroll
jc thomas	jt richards
ol georgeonab	fe ritterb
v mancuso	k hamilton	e mcmillan…
y li	s deng	g cai	y yin
k tu	x ouyang	d han	y yu	v honavar
d fusco	rf spetzler
z li	m ji	jg lee	la tang	y yu	j han	r kays
d zhou	s zhu	k yu	x song	bl tseng	h zha	cl giles
bj jansen	dl booth	a spink
j rimland
cl giles	y sun	ig councill
y fukuchi	a oshima
k bai	m yu	p liu
y yang	s zhu
c caragea	j sinapov	d dobbs	v honavar
g kim
q gu	w zang	m yu	p liu
j li	p liu	sh lu	j wangg	xq mao	h wei	yj fu	k zheng	tg ning	...
a muhammed	d lin	a squicciarini
a wu	x zhang	g convertino	jm carroll
j morita	k miwa	a maehigashi	h terai	k kojima	fe ritter
j yen	j chang	ps chuang
oh youngkee	lee deughee	c kim	j bae	s yoon
z li	ch chu	x wu
s zheng	p shi	h xu	c zhang
j shao	p liu	y zhou
d reitter	i juvina	a stocco	c lebiere
z zhu	g cao	s zhu	s ranjan	a nucci
kc yeh	jp gregory	fe ritter
mj hale	tb fitzgerald	j caper	h idelson	j levanen
h wang	g cai	am maceachren
w yao	ch chu	r li	z. parks
x xing	j ahn	w lee	r han	s mishra
a fuxman	a kannan	z li	p tsaparas
t shiokawa	k aoki
z zhuang	c brunk	cl giles
r sandhu	cm jeffery	rjo figueiredo	ac squicciarini	e bertino	...
kd joshi	l kvasny	s mcpherson	em trauth	s kulturel-konak	j mahar
b chen	b qiu	y qu	j yen	x zhang
pm bach	r deline	jm carroll
m borad	s reddy	n bahary	h uronis	ds sigal	al cohn	w schelman	...
x yu	a pan	la tang	z li	j han
a silvescu	c caragea	v honavar
v honavar	rr walia	d dobbs	f towfic	c caragea	y el-manzalawy	...
mr peters	rj ocker	mb rosson
hd huh	sh choi	wc kim	hj kim	kb kim	sh kim	sj cho	ck min	...
bjj jansen	ma rosso	d russell	b detlor
jm carroll	m borge	c ganoe	h jiang
g christou	fe ritter	rjk jacob
wa schafer	jm carroll	sr haynes	s abrams
lm ngamassi	k zhao	e maldonado	c maitland	a tapia
h kim	hw chang	j lee	d lee
c caragea	a silvescu	p mitra
j lee	m hamilton	c gleeson	c caragea	p zaback	jd sander	x li	...
sc oh	d lee	srt kumara
j tao	g slutzki	v honavar
w xu	s zhu	h xu
m bhattacharya	ch chu	j hayya	t mullen
jl quesenberry	em trauth
i nabti	j carroll
t hanratty	rj hammell	j yen	m mcneese	s oh	hw kim	d minotra	...
s das	p mitra	cl giles
mt silcox	ji bloch	dm boyer	m godinot	tm ryan	f spoor	a walker
p liu	s jajodia	m yu
y jiang	j ming	d wu	j yen	p mitra	ji messner	r leicht
jh kim	hw sung	ih kim	ek lee	ks choi	dj king
l wenjie	l peng	z weiming	z bosheng
j shao	p liu	z cao	g wei
o couture	k callenberg	n koul	s pandit	r younes	zl hu	j dekkers	...
sd gollapalli	p mitra	cl giles
uk muppirala	vg honavar	d dobbs
a campbell	jm carroll
se kase
m shao	y yang	s zhu	g cao
r commins	j carroll	t wharton	g fitzpatrick	s fleming
k tu	vg honavar
b fung	m cao	bc desai	h xu
tm ryan	mt silcox	a walker	x mao	dr begun	br benefit	...
rt carroll
h am ammersee	p bottoni	mb rosson	m minas
a kathuria	bj jansen	c hafernik	a spink
s pandit	v honavar
d caragea	d cook	h wickham	v honavar
v honavar
nj mcneese	ms pfaff	gm santoro…
h jiang	jm carroll
k zhao	b qiu	c caragea	d wu	p mitra	j yen	g greer	k portier
j fang	p mitra	z tang	cl giles
ah tapia	l kvasny	ja ortiz
ra jordan	elm yasser	d dobbs	v honavar
t feng	fp yan	q li	wj peng	sy tan	sc feng	p liu	xd wen
gj santoro
sc hayne	h wang	s mendonca
n kong	g convertino	b hanrahan	e chi
b johnson	j grossklags	n christin…
pm bach	jm carroll
p bottoni	mb rosson
m friedrich	r frank
a sears	ja jacko
wc chiang	ch chu	tl urban
y song	a kołcz	cl giles
l kvasny	fc payton
张瑜， 张小龙， 包樱， 马前
d wixon	j ramey	j carroll
x lu	p suryanarayan	rb adams jr	j li	mg newman	jz wang
x xing	yl liang	h cheng	j dang	s huang	r han	x liu	q lv	...
sj nam	b hwangbo
x wang	yc jhi	s zhu	p liu
y liu	lv lita	rs niculescu	p mitra	cl giles
x fan	j yen
t cheng	p li	s zhu
nl harshbarger	mb rosson
w xu	f zhang	s zhu
c rong	l peng
h liu	wc kim	d lee
s marouf	m shehab	a squicciarini	s sundareswaran
x fan	pc chen	j yen
ma rosso	bj jansen
h xu	t dinev
g ruan	s jain	s zhu
z liu	j jing	p liu
姚英彪， 汪斌， 章坚武， 刘鹏
tm ryan	da burney	lr godfrey	ub göhlich	wl jungers	n vasey	...
r dumollard	k campbell	g halet	j carroll	k swann
z li	b ding	j han	r kays
s mohammed	l ferzandi	k hamilton
z zhou	x li	j wright	e candes	y ma
pb teregowda	m khabsa	cl giles
a silvescu	v honavar
x zhang	b qiu	p mitra	s xu	a klippel	am maceachren
c caragea	d caragea	v honavar
f afrati	m chandrachud	r chirkova	p mitra
kcm yeh	fe ritter
e thiry	mb rosson
md mcneese	ms pfaff	e salas…
ol georgeon	a mille	t bellet	b mathern	fe ritter
mb rosson	h sinha	t hansford	j mahar
lc xue	d dobbs	v honavar
x xing	j dang	r han	x liu	s mishra
c ping	l jian	l jitao	l ping	g baoquan
hw chang	h kim	s li	j lee	d lee
at ogden	ae waziri	ra lochhead	d fusco…
l white	s oberoi	s hubbard	s hardin	e langdon-neuner	a sears	...
q gu	z li	j han
r abben	a abizaid	a abou-chebl	d adams	w ahmed	t ahrens	...
md lytras	e damiani	jm carroll	d avison	rd tennyson	a dale	...
c zhao	r kaulakis	jh morgan	jw hiam	fe ritter
p song	h xu	a techatassanasoontorn	c zhang
s tuarob	p mitra	cl giles
fe ritter	gd baxter	jw kim	s srinivasmurthy
sg bilén	d lee	ji messner	ht nguyen	tw simpson	...
z li	b ding	j han	r kays	p nye
h kil	w nam	d lee
j yen	l strater	m mcneese	x fan	h cuevas	s oh	a kim	d minotra	...
bj jansen	a spink	i taksa
bw walker
l kvasny	n kranich	jr schement
a seffah	j vanderdonckt	mc desmarais
sp lee	uc sung
dl hall	j llinas	m mcneese
pan yao-qian	w xuan-nian	zhu guang-rui	xia yin-ke	w qing	...
d zhou	j bian	s zheng	h zha	cl giles
y el-manzalawy	v honavar
l peng	b zhou
e bertino	ld martino	f paci	ac squicciarini
d yue	x wu	n shen	ch chu
w zang	q gu	m yu	p liu
ac squicciarini	c griffin	s sundareswaran
js johnson	jn kropczynski	mj lacki	gd langlois
c griffin	a squicciarini
ma rosso	mk mcclelland	bjj jansen	sw fleming
j paik	jw kim	fe ritter
jm carroll	g convertino	c ganoe	mb rosson
d zha	j jing	p liu	j lin	x jia
m ma	y huang	ch chu	p wang
l tian	j ahn	h cheng	x xing	y liang	s mishra	d chu	x liu	r han	...
w zhang	s zhu	g cao
j feng	a sears
z xu	k bai	s zhu
jm carroll	c ganoe
s mohammed	r tesler	k hamilton
aa abla	jm zabramski	hk jahnke	d fusco…
a ganesh	a wagner	j wright	a yang	z zhou	y ma
fe ritter	jl bittner	se kase	r evertsz	m pedrotti	p busetta
sh park1a	ih suh	j chien	j paik	fe ritter	d oleynikov	kc siu
n koul	n bui	v honavar
t dinev	h xu	hj smith
x xing	y jiang	s mishra
x xing	j dang	s mishra	x liu
aa techatassanasoontorn	ah tapia	a powell
bj jansen	z liu	c weaver	g campbell	m gregg
d zhao	mb rosson
k zhao	c maitland	lmn tchouakeu	r orendovici	a tapia	j yen
z li	ch chu	w yao
ja jacko
k zhao	j yen	l ngamassi	c maitland	ah tapia
s sawyer	a tapia
ac squicciarini	s sundareswaran	d lin	j wede
b hanrahan	r quintana-castillo	m stewart	ma pérez-quinones
p conway	t carbo	l kvasny
j grossklags	l appel	f bridges
fc payton	j kiwanuka-tondo	l kvasny
j lin	p liu	j jing
q fang	p liu	j yen	j morgan	d shemanski	f ritter
r suzuki
z zhou	h jin	y ma
h qian	r kuber	a sears
b qiu	k zhao	p mitra	d wu	c caragea	j yen	ge greer	k portier
g convertino	jm carroll
j huang	o madani	cl giles
程梅粉， 张小龙， 胥丁文， 马前
jm carroll	mb rosson	ch ganoe	m borge	j burge	u farooq	...
e bertino	w lee	ac squicciarini	b thuraisingham
p díaz	mb rosson	i aedo	jm carroll
d reitter	k sycara	c lebiere	y vinokurov	a juarez	m lewis
ja piedra-fernandez	m cantón-garbín	jz wang
j wright	a ganesh	a yang	z zhou	y ma
bj jansen	m zhang	k sobel	a chowdury
l yao	j li	jz wang
dj fusco
y chen	y zhou	s zhu	h xu
g slutzki	g voutsadakis	v honavar
h huang	l kvasny	kd joshi	em trauth	j mahar
z xu	h hsu	x chen	s zhu	ar hurson
pc chen	p liu	j yen	t mullen
m zhang	bj jansen
j wang	jm carroll
j kropczynski
u farooq	s zhang	jm carroll
g voutsadakis	j bao	g slutzki	v honavar
c caragea	m terribilini	j sinapov	jh lee	f towfic	d dobbs	...
x zhang	y qu	cl giles	p song
n kong	b hanrahan	t weksteen	g convertino	eh chi
n li	l zhu	p mitra	k mueller	e poweleit	cl giles
n christin	j chuang	j grossklags
p peerani	a tomanin	s pozzi	j dolan	e miller	m flaska	m battaglieri	...
h liu	s das	d lee	p mitra	cl giles
cl giles	p mitra	k mueller	jz wang	b sun	l bolelli	x lu	y liu	...
h jiang	c ganoe	jm carroll
s zhang	o georgeon	f ritter
h lee	w xu	j lan	q liu	fp de andrade	x tan
p shi	h xu	l erickson	c zhang
hj kim	bj lee	jc lee	ck yeo
n jeffery	tm ryan	f spoor
l kvasny	fc payton	vw mbarika	a amadi	p meso
s bhatia	p biyani	p mitra
mb rosson	h sinha	d zhao	jm carroll	ch ganoe	j mahar
p barford	m dacier	tg dietterich	m fredrikson	j giffin	s jajodia	s jha	...
y wang	p liu	j jin	x jia
x wu	c ma	x zhao	s wang
s zhu	pc chen	j yen
i aedo	p díaz	jm carroll	g convertino	mb rosson
s gupta	h xu	chu	c. h.
x zhang	p mitra
t enokido	f xhafa	l barolli	m takizawa	m uehara	a durresi
kt mueller	p mitra	cl giles	bj garrison	jd kubicki	sl brantley	b sun	...
aj morgan	em trauth
d lee	h kim	ek kim	s yan	j chen	j lee
p shi	h xu	c zhang
d tian	q zeng	d wu	p liu	c hu
h beyer
k tu	v honavar
h ga
m gartrell	a beach	j ramanarayanankrishnaniyer	x xing	r han	q lv	...
w yao	c chu	a kumar	z li
a sears	vl hanson
r parks	h xu	ch chu
a jaiswal	s pezanowski	p mitra	x zhang	s xu	i turton	a klippel	...
c shayo	em trauth	k kaiser	f lin
l rainie	bj jansen
cs ok	s lee	p mitra	s kumara
iu hwang	hn yu	ss kim	j do suh	sh lee	sh kim	bk ahn
tl chien
lm hughes	j bao	zl hu	v honavar	jm reecy
z li	ch chu	w yao	ra behr
k zhao	j yen	lm ngamassi	c maitland	a tapia
md lytras	jm carroll	e damiani	rd tennyson
l bolelli	ş ertekin	cl giles
z yufei	l pengju	t xiaoming
cc pan	p mitra
s kataria	p mitra	s bhatia
fe ritter	jw kim	jh morgan	ra carlson
ht lin	n koul	v honavar
j blomberg	j carroll
s xu	a klippel	a maceachren	p mitra	i turton	x zhang	a jaiswal
s carman	r strong	a chandra	s oh	s spangler	l anderson	...
y deng	c chu	z wu	h si	q zhang
z zhou	a ganesh	j wright	sf tsai	y ma
l xin	l xi	z zhi-iun
m antonelli	p ducange	f marcelloni
h xu	jm carroll	mb rosson
s zhang	p liu
bj jansen	cc ciamacca	a spink
c griffin	d mercer	j fan	a squicciarini
r evertsz	fe ritter	p busetta	m pedrotti	jl bittner
x zhang	p mitra	a klippel	a maceachren
b sun	p mitra	cl giles
mb rosson	jm carroll	d zhao	t paone
c cain	e trauth
tm ryan	ak swiatoniowski	cn shaw
m shao	w hu	s zhu	g cao	s krishnamurth	t la porta
mc chaubet
h du	mb rosson	jm carroll	c ganoe
d yuan	p mitra	h yu	cl giles
s karumanchi	a squicciarini	d lin
yf tan	e elmacioglu	my kan	d lee
a squicciarini	s sundareswaran	d lin
s zhu	mc reddy	j yen
kck lee	wwl lim	ss lee
mb rosson	h sinha	t edor
m borge	ch ganoe	si shih	jm carroll
bj jansen	k sobel	m zhang
f li	b luo	p liu
f towfic	mhw greenlee	v honavar
g convertino	hm mentis	mb rosson	a slavkovic	jm carroll
sc oh	d lee
h cheng	yl liang	x xing	x liu	r han	q lv	s mishra
h xu	mb rosson	jm carroll
ol georgeon	jh morgan	fe ritter
lb erickson	i petrick	em trauth
s mohammed	k hamilton
y cheng	y sagduyu	j deng	j li	p liu
yc jhi	x wang	x jia	s zhu	p liu	d wu
bj jansen	l zhang	as mattila
p biyani	c caragea	a singh	p mitra
kd hales	l kvasny
er seiffert	el simons	dm boyer	jmg perry	tm ryan	hm sallam
jr li	x chen	jj sun
h li	wc lee	a sivasubramaniam	cl giles
m khabsa	s carman	sr choudhury	cl giles
g câmara	l vinhas	c davis	f fonseca	t carneiro
r parks	w yao	ch chu
jm carroll	m horning	b hoffman	c ganoe	h robinson	mb rosson
f towfic	s gupta	v honavar	s subramaniam
c maitland	l ngamassi	a tapia
r böhme	j grossklags
lm ngamassi	c maitland	ah tapia	k zhao	k bajpai
j warren	m allen	k okuyemi	l kvasny	m hecht
a wu	xl zhang	g cai
sh han	ch chu	z luo
h xu	re crossler	f bélanger
a beach	m gartrell	x xing	r han	q lv	s mishra	k seada
x lu	b kahle	jz wang	cl giles
jm carroll	h du	h jiang	mb rosson
x fan	s oh	m mcneese	j yen	h cuevas	l strater	mr endsley
b sanghvi	n koul	v honavar
r kaulakis	c zhao	jh morgan	jw hiam	jp sanford	fe ritter
l kvasny	k hales
l grossman
cj lebiere	a stocco	d reitter	i juvina
d caragea	v honavar
w yao	ch chu	z li
ac squicciarini	c griffin
h xu	t dinev	j smith	p hart
sj moon	gd jung	yk choi
n zhang	j jing	p liu
h sinha	mb rosson	s clark	j carroll
a squicciarini	mc mont	a bhargav-spantzel	e bertino
s bhatia	s lahiri	p mitra
sj cimbala	pk forster
l peng	l qing	z wenfen
l bolelli	s ertekin	d zhou	cl giles
m yu	w zang	p liu
hc webb	mb rosson
v pipek	mb rosson	g stevens	v wulf
d reitter	c lebiere
b qiu	k ivanova	j yen	p liu
j grossklags	b johnson
dl hall	s aungst
jm carroll	h jiang	mb rosson	si shih	j wang	l xiao	d zhao
d zhao	mb rosson	t matthews	t moran
b yeo	e trauth
x li	z li	j han	jg lee
g convertino	h mentis	p bhambare	c ferro	jm carroll	mb rosson
x xiong	x jia	p liu
h xu	s gupta
da wilson	dj fusco	hl rekate
en efthimiadis	j huang	a spink	j jansen
a joshi	w weng	r lichenstein	m arora	a sears
wr livesay	sm zimmerman	rl ross
岳殿民， 韩传模， 吴晓丹， ch chu
r quintana castillo	b hanrahan	m pérez-quiñones
g cai	b yu
bh lee	n kim	sb kang	yj jeong	th choi	md young soo park	...
ey ahn	t mullen	j yen
m lewis
mb rosson	jm carroll
hm mentis	pm bach	b hoffman	mb rosson	jm carroll
jh kim	yc lee	k lee	w lee
k zhao	a kumar	m spaziani	j yen
l kvasny	j chong
m young	p liu	d lin
jm carroll	j wang
a acquisti	j grossklags
fe ritter	c dancy	ka berry
fe ritter	mj schoelles	ks quigley	lc klein
se kase	y zhang	jm carroll	mb rosson
yc jhi	p liu	l li	q gu	j jing	g kesidis
y sun	ig councill	cl giles
r li	j li	p liu	j kato
lc xue	r walia	y el-manzalawy	d dobbs	v honavar
y el-manzalawy	d dobbs	v honavar
j li	l yao	e hendriks	jz wang
f li	x zou	p liu	jy chen
ram hikmet	t van bommel	ck lau	yw ha
f bromberg	d margaritis	v honavar
s zhu	m reddy	j yen	c deflitch
jm daughtry iii	jm carroll
er dumont	tm ryan	lr godfrey
m tyworth	na giacobe	v mancuso
h koch	ca looney	d firth	jl king	pa pavlou…
l plotnick	r ocker	s hiltz	mb rosson
陈广银， 陈洪斌， 何群彪， 张小龙， 钱玮玮
q he	j pei	d kifer	p mitra	l giles
ac squicciarini	m shehab	f paci
ac squicciarini	h xu	xl zhang
l xie	h song	t jaeger	s zhu
h xu	r parks	ch chu	xiaolong (luke) zhang
y sun	h li	ig councill	wc lee	cl giles
j yen	l giles	h foley	la adamic	f menczer	h wang	a tapia	m smith	...
sr haynes	pm bach	jm carroll
ac squicciarini
h xu	s gupta	s pan
tm ryan	m colbert	ra ketcham	cj vinyard
bv hanrahan	t weksteen	n kong	g convertino	g bouchard	...
bj jansen	d booth	a spink
h qian	r kuber	a sears	e murphy
w nam	h kil	d lee
h kim	q gu	m yu	w zang	p liu
e maldonado	ah tapia
ac squicciarini	w lee	e bertino	cx song
em trauth	m avital	j kendall…
ma cohen	fe ritter	d bhandarkar	o georgeon
b ding	m winslett	j han	z li
ah wang	s yan	p liu
kj kim
ey ahn	jh lee	t mullen	j yen
g voutsadakis	g slutzki	v honavar	j bao
m shehab	ac squicciarini	gj ahn
xu lei	xu guo-qing	liu pei-bin	c yan	w xing-ya	z tong-hua
x wu	d yue	j bai
gr santhanam	s basu	v honavar
f bridges	l appel	j grossklags
d kong	d tian	p liu	d wu
g cai	bm tomaszewski
h jiang	jm carroll	r lee
dgxpx liu	yywkz wei	sjq yao
刘萍
j huang	j gao	j miao	x li	k wang	f behr	cl giles
q gu	m danilevsky	z li	j han
s zheng	p dmitriev	cl giles
jd hatfield
d tjondronegoro	a spink	bj jansen
d reitter	c lebiere	m lewis	h wang	z ma
s huang	q zhao	p mitra	cl giles
ac squicciarini	w mcgill	g petracca	s huang
mrk baumann	jf krems	fe ritter
p liu	x jia	s zhang	x xiong	yc jhi	k bai	j li
r hogg	mj ravosa	cj vinyard	tm ryan
m mcneese	nj cooke	a d'amico…
em trauth	jl quesenberry	h huang
ac squicciarini	f paci	e bertino	wm fitzgerald	sn foley
l kvasny	kd joshi	e trauth
k kotapati	p liu	tf laporta
sr haynes	tg kannampallil	ma cohen	a soares	fe ritter
rm davison	p powell…
v mancuso	k hamilton	e mcmillan	r tesler	s mohammed	m mcneese
sr haynes	jm carroll
bj jansen
赵三元， 沈庭芝， 孙晨升， 刘朋樟， 岳雷
j huang	sm taylor	jl smith	ka fotiadis	cl giles
j wu	p teregowda	jpf ramírez	p mitra	s zheng	cl giles
j grossklags	b johnson	n christin
am maceachren	a jaiswal	ac robinson	s pezanowski	a savelyev	...
g convertino	a wu	xl zhang	ch ganoe	b hoffman	jm carroll
g cai
a spink	bj jansen
y yang	s zhu	g cao
f towfic	s vanderpias	ca oiiver	oi couture	ck tuggie	...
j grossklags
革军， 王臻， 刘鹏， 栗向东， 陈国景
pb teregowda	ig councill	jpf ramírez	m khabsa	s zheng	cl giles
sc hayne
p díaz	i aedo	mb rosson
h kim	hw chang	h liu	j lee	d lee
m shehab	a squicciarini	gj ahn	i kokkinou
n fultz	j grossklags
hh chen	l gou	x zhang	cl giles
mb rosson	h sinha	d zhao	jm carroll	c ganoe	j mahar
s bhatia	c brunk	p mitra
x jia	x xiong	j jing	p liu
耿树江， 朱圣龙， 王福会
sc hayne	cap smith
c zhang	y xu	x liu	h xu
ct hafernik	b cheng	p francis	bj jansen
s sundareswaran	a squicciarini	d lin	s huang
x xing	y liang	s huang	h cheng	r han	q lv	x liu	s mishra	y zhu
n koul	c caragea	v honavar	v bahirwani	d caragea
m bhattacharya	ch chu	t mullen
sr haynes	jm carroll	tg kannampallil	l xiao	pm bach
e bertino	l martino	f paci	a squicciarini
c maitland	a tapia	d isaak
zr hubbell	jh gosman	tm ryan	cn shaw	ra ketcham
q zeng	d wu	p liu
b johnson	r böhme	j grossklags
m tomko	kf richter	j bateman	g cai	k coventry…
w warwick	l allender	j yen
刘鹏， 冯文彬， 张东
sd gollapalli	cl giles	p mitra	c caragea
l gou	jh kim	hh chen	j collins	m goodman	xl zhang	cl giles
j kropczynski	p dyk
x xing	yl liang	h cheng	j dang
md mcneese	pj ayoub
s zhu	s kane	j feng	a sears
k zhao	a kumar	j yen
la hecker	tc alcon	vg honavar	mhw greenlee
k bajpai	lmn tchouakeu	cf maitland	k zhao	ah tapia
m yang
s juntiwasarakij	e trauth
x lu	s kataria	wj brouwer	jz wang	p mitra	cl giles
d martins	ca davis jr	ft fonseca
a van gorp	c maitland
徐湛， 安建平， 杨凯， 刘鹏
g voutsadakis	g slutzki	v honavar
y song	l zhang	cl giles
s zhu	j feng	a sears
bj jansen	g campbell	m gregg
h han	ym choi
a tarnacha	c maitland
z xu	s zhu
l pei	z xiang-hong	h zhen-sheng	s shan-zhen	l shao-hua	...
r maniego-eala	s kluzer	g rissola	h dunn	r walton	c putnam	...
ea maldonado	cf maitland	ah tapia
p rachida	chu chao-hsien	x heng
a hurst	k gajos	l findlater	j wobbrock	a sears	s trewin
m zhang	bj jansen	a chowdhury
c maitland	ah tapia	lm ngamassi	k zhao	e maldonado
b zhao	z xu	c chi	s zhu	g cao
v natarajan	y yang	s zhu
se kase	fe ritter
ca davis jr	f fonseca	g camara	a dos astronautas
m almeida	r souza	f fonseca
刘鹏， 沈定国
m shehab	g cheek	h touati	ac squicciarini	pc cheng
h xu
mj davis	s thokala	x xing	n thompson hobbs	dp walsh	ry han	...
s bhatia	s tuarob	p mitra	cl giles
f fan	j huang	m shan
c caragea	a silvescu	s kataria	d caragea	p mitra
y yang	s zhu	g cao	t laporta
yao lan	liu peng
mc reddy	bj jansen	r krishnappa
a tapia	c maitland
l morin	k lim	s bly	k butt	ym cargill	g davies	n denis	r gagnon	...
m peto	a kloczkowski	v honavar	rl jernigan
s zhang	x xiong	x jia	p liu
r datta	d joshi	j li	jz wang
s das	p mitra	c giles
j paik	jw kim	fe ritter	jh morgan	sr haynes	ma cohen
liu peng	y shi	z wang
f li	jy chen	x zou	p liu
ay yang	z zhou	y ma	s sastry
배재상， 이대섭， 권영두， 김주만， 김희정
c caragea	a silvescu	d caragea	v honavar
m shao	s zhu	g cao	t la porta	p mohapatra
j currier	m atwood	e trauth
h du	mb rosson	j carroll
a klippel	a maceachren	p mitra	i turton	x zhang	a jaiswal	k soon	...
c zhao	jw hiam	jh morgan	fe ritter
jc tang	m cebrian	na giacobe	hw kim	t kim	db wickert
pm bach	h jiang	jm carroll
한기훈， 이동진
jm carroll	ma horning	b hoffman	ch ganoe	hr robinson	...
a beach	m gartrell	x xing	r han	q lv	s mishra	k seada	j dang	...
w yao	ch chu	z li	t mullen
jm carroll	g convertino	u farooq	mb rosson
a abdel-haleem	j abello	wa aigner…
hm mentis	mb rosson
z li	j han	b ding	r kays
a ortiz‐cordova	bj jansen
s perugini	me pinney	n ramakrishnan	ma pérez-quiñones	...
s schaffer	d reitter
ea thiry	cm mascaro	mb rosson
fe ritter	pa bibby
y yang	x wang	s zhu	g cao
a joshi	m arora	l dai	k price	l vizer	a sears
ac squicciarini	a czeskis	a bhargav-spantzel
a squicciarini	d lin	a mancarella
任宪云， 刘萍， 高保全， 李健
c huang	s zhu	d wu
jm carroll	m borge	ch ganoe	mb rosson
v mancuso	a parr	e mcmillan	r tesler…
bj jansen	t mullen
kc yeh	fe ritter
a squicciarini	f paci
a bhargav-spantzel	ac squicciarini	r xue	e bertino
j yen	j unsworth	m weiss	n giacobe	m reilly	d hall	jm stanton	...
索维毅， 赵荣彩， 姚远， 刘鹏
m bhattacharya	i petrick	t mullen	l kvasny
w browuer	s kataria	s das	p mitra	cl giles
ma cohen	fe ritter	sr haynes
jh morgan	gp morgan	fe ritter
p mitra	cl giles	b sun	y liu	ar jaiswal
em trauth	m adya	dj armstrong	kd joshi	l kvasny	...
bj jansen	k hudson	l hunter	f liu	j murphy
em shakshuki	tr sheltami	n kang	x xing
q li	w lu	j yang	jz wang
ac squicciarini	m shehab	j wede
李娜娜， 吴秋平， 张晓冬， 董树亭， 刘鹏， 张吉旺
s zhu	g cao	p liu
x jia	s zhang	j jing	p liu
mr peters	mb rosson
l xie	h song	s zhu
d zhang	iy song	e zimányi	a mockus	s hwang	s kim	r altman	...
r dumollard	j carroll	mr duchen	k campbell	k swann
tm ryan	cn shaw
v oruganti	j gomez	m friedenberg	j richter…
h kim	j lee	h liu	d lee
s yan	h wang	d lee	cl giles
h xu	n wang	j grossklags
lc klein	jm bennett	ca whetzel	da granger	fe ritter
y ma	h mobahi	a yang	z zhou
na giacobe	vf mancuso	iw remmel
f li	b luo	p liu	ac squicciarini	d lee	ch chu
x jinlan	w minxi	w runmin	l peng	l li	h bin	q guanzhou
z li	j wang	j han
y deng	df hsu	z wu	ch chu
a chaugule	z xu	s zhu
a kumar	w yao	ch chu	z li
l dai	a sears	r goldman
em trauth	jl quesenberry	b yeo
a soares	f fonseca
h kawai
x xing	s mishra	x liu
j kropczynski	s nah
s jajodia	p liu	v swarup	c wang
b yu	g cai
h jiang	jm carroll	m borge	ch ganoe
f li	b luo	p liu	ch chu
n wang	h xu	j grossklags
n kock	da hantula	sc hayne	g saad	pm todd	rt watson
c ok	s lee	p mitra	s kumara
em trauth	cc cain	kd joshi	l kvasny	k booth
j shao	p liu	j weng
ja hughes	w lutters	a squicciarini	v saunders
b johnson	j chuang	j grossklags…
s bhatia	d majumdar	p mitra
h zhang	m smith	cl giles	j yen	h foley
q tan	p mitra	cl giles
a tapia	ja ortiz
jm carroll	mb rosson	u farooq	l xiao
kj price	m lin	j feng	r goldman	a sears	j jacko
lm ngamassi	c maitland	ah tapia
w zhaolong	wu gang	l pengju	c feixiang	t rongming
r ocker	mb rosson	d kracaw	sr hiltz
aa cárdenas	s radosavac	j grossklags	j chuang…
s purao	w maass	vc storey	bj jansen	m reddy
cm hoadley	h xu	jj lee	mb rosson
李杰， 徐勇， 朱昭贤， 王云峰
z xin	h chen	x wang	p liu	s zhu	b mao	l xie
m terribilini	jh lee	c yan	rl jernigan	s carpenter	v honavar	...
q gu	k jones	w zang	m yu	p liu
h tung	h chen	j lee	j yen
刘鹏， 席酉民
gj ahn	m shehab	a squicciarini
h webb	mb rosson
a squicciarini	e bertino	a trombetta	s braghin
y li	ch tan	h xu	hh teo
r orendovici	jz wang
s gupta	h xu	x zhang
v wulf	v pipek	mb rosson	b de ruyter
a mansour	h ying	p dews	y ji	j yen	re miller	rm massanari
mrk baumann	jf krems	fe ritter	m baumann
bj jansen	d booth	b smith
d pellegrino	cc pan	a robinson	m stryker	j luo	c weaver	p mitra	...
j yu	s zhang	p liu	zt li
elm yasser	v honavar
dj saab	f fonseca
tm ryan	a walker	m test	i carlson
q gu	m yu	w zang	p liu
by zhao	c chi	w gao	s zhu	g cao
cl giles	p mitra	k mueller
m willson
fe ritter	kcm yeh
s bhatia	p mitra	cl giles
m masud	l khan	b thuraisingham	x wang	p liu	s zhu
cl dancy	fe ritter	k berry
na giacobe
m ballora	na giacobe	dl hall
s bird	r dale	bj dorr	br gibson	mt joseph	my kan	d lee	b powley	...
q li	w gao	s zhu	g cao
vf mancuso	md mcneese
m tungare	b hanrahan	r quintana-castillo	m stewart	...
s gupta	h xu
i taksa	a spink	bj jansen
ca davis jr	ft fonseca	g camara
em trauth	lb erickson
f paci	d bauer	e bertino	dm blough	a squicciarini	a gupta
f fonseca	j martin
s sundareswaran	a squicciarini	r sundareswaran
bj jansen	s schuster
q he	d kifer	j pei	p mitra	cl giles
fe ritter	jw kim	jh morgan
c andorf	a silvescu	d dobbs	v honavar
r chen	z li	ch chu
gm santoro
k bajpai	e maldonado	lm ngamassi	ah tapia	c maitland
l kvasny
y song	cl giles
ac squicciarini	s sundareswaran
z liu	l xia	j jing	p liu
ah tapia	r ocker	mb rosson	b blodgett
ba canada	gk thomas	kc cheng	jz wang
m gartrell	a beach	j ramanarayanankrishnaniyer	x xing
h li	r sarathy	h xu
k zhao	j yen	lm ngamassi	c maitland	ah tapia
jr warren	l kvasny	ml hecht	d burgess	js ahluwalia	ks okuyemi
r datta	j li	jz wang
jm carroll	js snook	pl isenhour
jz wang	w ge	dr snow	p mitra	cl giles
f ritter	jw kim	jh morgan
c zhao	j paik	jh morgan	fe ritter
se kase	fe ritter	m schoelles
d reitter
a zofka	m chrysochoou	m shaw	j mahoney	s farquharson	i yut	...
mb rosson	a ioujanina	t paone	g sheasley	h sinha	c ganoe	...
박충훈， 이동기， 김경희， 전찬호， 이병현
em shakshuki	x xing	tr sheltami
h sinha	mb rosson	j carroll	h du
h kim	d lee
af ducruet	bg hassid	wj mack…
h du	mb rosson	jm carroll
x wu	y wang	j bai	h wang	ch chu
em trauth	s juntiwasarakij
z yi-shuai	z xiu-zhi	t xiang-ju	z xiao-hua	liu pei-pei
x fan	m mcneese	j yen
kl hamilton
bj jansen	l solomon
o kohutyuk	f towfic	mhw greenlee	v honavar
yu mei	liu pengrui	z wei	liu jianhua	li songmei
d zhao	t matthews	t moran	mb rosson
ol georgeon	fe ritter	sr haynes
w brouwer	s kataria	s das	p mitra	cl giles
h xu	s gupta	mb rosson	jm carroll
ac squicciarini	f paci	e bertino
ol georgeon	fe ritter
o longe	o ngwa	f wada	v mbarika	l kvasny
ac squicciarini	f paci	e bertino	a trombetta	s braghin
k zhao	j yen	c maitland	a tapia	lmn tchouakeu
jz wang	d geman	j luo	rm gray
dj saab	e maldonado	r orendovici	lm tchouakeu	a van gorp	...
n vyas	ac squicciarini	cc chang	d yao
m gartrell	a beach	j ramanarayanankrishnaniyer	x xing	q lv	r han	...
c zhao	r kaulakis	jh morgan	jw hiam	jp sanford	fe ritter	...
s gupta	m garg	h xu	m goh
a beach	m gartrell	x xing	r han
z xu	k bai	s zhu	l liu	r moulic
n xie	x li	x zhang	w hu	jz wang
sc hayne	m pendergast	cap smith
mb rosson	h sinha	m bhattacharya	d zhao
j ryoo	a techatassanasoontorn	d lee
dj gilmore	ae sklar	j carroll
mk hills
a join
ay kim	s jang	s young yim	d byun
j ryoo	f fonseca	ds janzen
l hively	f sheldon
g convertino	hm mentis	mb rosson	jm carroll	a slavkovic	ch ganoe
b liu	ch chu
a squicciarini	sd rajasekaran	mc mont
y liu	k bai	p mitra	cl giles
tb flaherty	b jansen	c hofacker	j murphy
w lee	ac squicciarini	e bertino
sr haynes	ma cohen	fe ritter
a squicciarini	mc mont	sd rajasekaran
f towfic	c caragea	dc gemperline	d dobbs	v honavar
am maceachren	ac robinson	a jaiswal	s pezanowski	a savelyev	...
b jansen	a spink	y zhang
j li	jz wang
rt hogg	mj ravosa	tm ryan	cj vinyard
ps cahn
j pathak	s basu	v honavar
k palaniappan	s mukherjee
s kulturel-konak	e trauth
n sawant	r datta	j li	jz wang
ig councill	cl giles	my kan
tm ryan	a walker	a swiatoniowski	b van rietbergen
ah tapia	k bajpai	bj jansen	j yen	l giles
a tapia
mc reddy	bj jansen	pr spence
d joshi	r datta	e fedorovskaya	qt luong	jz wang	j li	j luo
x zhang	p mitra	a klippel	am maceachren
w jiang	d lee	s hu
r hu	s zhu	j feng	a sears
p liu	m yu
e shakshuki	x xing	h malik
l plotnick	sr hiltz	r ocker	af rutkowski	mb rosson
m yu	ah wang	w zang	p liu
s oh	z lei	p mitra	j yen
hw park	dj kim	nh park
fd beppler	ft fonseca	rc dos santos pacheco
cc pan	d pellegrino	c weaver	p mitra
k gluck	c stanley	l moore	d reitter	m halbrügge
a tapia	b blodgett
x zhang	wc lee	p mitra	b zheng
王莹， 韩丽丽， 徐建国， 王春勇， 杨松青， 刘攀， 李明娴
fd beppler	ft fonseca	rcs pacheco
lee dong-soo	ts jeong	kim shin	kim hyung-il	yh kwon
n schoenmakers	b bak	y sun	pvan trotsenburg	...
lgms johnyen	h zhang
y el‐manzalawy	d dobbs	v honavar
bj jansen	k sobel	g cook
이동기， 김경희， 박충훈， 전찬호， 이병현
em trauth	c cain	kd joshi	l kvasny	k booth
n zang	mb rosson
a wu	x zhang	jm carroll
pc chen	g airy	p mitra	j yen
h zhang	b qiu	k ivanova	cl giles	hc foley	j yen
l plotnick	r ocker	sr hiltz	mb rosson
n koul	j lathrop	j lutz	v honavar
s qadeer	d wu
y hong	t yang	j kang	d lee
jm carroll	hm mentis
石岩， 张剑平， 刘鹏
s bhatia	c caragea	hh chen	j wu	p treeratpituk	z wu	m khabsa	...
p mitra
z zhou
m tungare	ma pérez-quiñones	ps pyla	b hanrahan	u murthy	...
a squicciarini	s karumanchi	d lin	n desisto
em trauth	jl quesenberry…
aj ko	r abraham	l beckwith	a blackwell	m burnett	m erwig	c scaffidi	...
bj jansen	m zhang	cd schultz
ac squicciarini	a trombetta	e bertino	s braghin
mb rosson	d zhao	h sinha	jm carroll
z zhuang	c brunk	p mitra	cl giles
na giacobe	s xu
kl welker	jd orkin	tm ryan
p treeratpituk	cl giles
bj jansen	a spink
b luo	d lee
xr luo	h xu	lj yao
a tapia	e maldonado
j knox	s aungst	t bacastow	m campbell…
j caverlee	p mitra	m laarsgard
s chen	y zhang	p liu	j feng
d hutchison	cl giles	r goebel	t kanade	j kittler	jm kleinberg	...
o seifert	a matussek	f sjögren	r geffers	cd anderson
s lahiri	p mitra	x lu
s lawrence	i burns	a back	ac tsoi	cl giles
md montierth	ja hall
y yang	j lutes	f li	b luo	p liu
k hatti	s jammalamadaka
q tan	p mitra
a tapia	b blodgett	mj jang
my yang	s zhu
lm vizer	a sears
jp akerman	ga heckman	rs mckelvie	jg howlett	ja ezekowitz	...
u farooq	ch ganoe	jm carroll	cl giles
f paci	e bertino	s kerr	a lint	a squicciarini	j woo
y oshima	m kakinuma	h chubachi	h hayashi	k shimoda	s kirita	...
孔江榕， 周涛， 刘鹏， 张勇， 徐景明
h xu	n irani	s zhu	w xu
m khabsa	s koppman	cl giles
l sreeramareddy	j feng	a sears
c maitland
j huang	z zhuang	j li	cl giles
j wu	pb teregowda	m khabsa	e treece	d jordan	s carman	p mitra	...
k lopez	m assanah	a waziri…
x fan	m mcneese	b sun	t hanratty	l allender	j yen
s kataria	p mitra	c caragea	cl giles
d tian	d kong	h changzhen	p liu
mb rosson	jm carroll	h sinha
jl qiu
h sinha	mb rosson	j carroll
p shi	h xu	xl zhang
r parks	c chu	h xu	l adams
tm ryan	a walker
h xu	xr luo	jm carroll	mb rosson
mb rosson	n li	t ryan	ah tapia
p song	c zhang	h xu
v honavar	d caragea
jz wang
jm carroll	m borge	l xiao	ch ganoe
w yao	ch chu	b liu	z li
c bernardini	f greco	a zannoni	ml bacci	e seren	m forni
j jiang	x jia	d feng	s zhang	p liu
j shao	z cao	p liu
na giacobe	hw kim	a faraz
y yang	m shao	s zhu	b urgaonkar	g cao
cl giles	p mitra	k muller	j kubicki	b garrison	jz wang	b sun	y liu	...
q li	s zhu	g cao
s gupta	t bhattacharya	s agrawal	h xu	m garg
ra lochhead	aa abla	ap mitha	d fusco	k almefty…
hp kuo	lm hubby jr	sl naberhuis
j yen
s zhu	s jajodia
a ötünçtemur	ss çakır	m dursun	ec polat	a somay	n özbay	...
l gou	xl zhang	hh chen	jh kim	cl giles
s peng
j shao	m feng	b zhu	z cao	p liu
y deng	z wu	ch chu	t yang
jk joo	ik jung	kh kim	ks lee
em trauth	jl quesenberry	h huang…
w lee	a squicciarini	e bertino
w warwick	l allender	l strater	j yen
a mansour	h ying	p dews	y ji	ms farber	j yen	re miller	...
l anthony	p carrington	p chu	c kidd	j lai	a sears
hq pham	gr santhanam	jd mccalley	vg honavar
a van gorp	l ngamassi	c maitland	d saab	a tapia	a maldonado	...
h xu	hh teo	bcy tan	r agarwal
j li	j wang
m lin	a sears	s herbst	y liu
h zhang	m spiliopoulou	b mobasher	cl giles	a mccallum	o nasraoui	...
l kvasny	r lee
ac squicciarini	g petracca	e bertino
jm carroll	mb rosson	u farooq	jd burge
m borge	jm carroll
y zhang	bj jansen	a spink
o godechot	s quack	k williams	s convenors	l kvasny	n mitev	...
j wu	p teregowda	m khabsa	s carman	d jordan	...
ka lopez	m assanah	ae waziri	d fusco…
r evertsz	m pedrotti	p busetta	h acar	f ritter
x xing	e shakshuki	d benoit	t sheltami
r datta	jz wang
rl lee	jm carroll
ns kim
da wilson	dj fusco	n theodore
ba canada	gk thomas	kc cheng	jz wang	y liu
fzsg shuomingshu
k hamilton	s mohammed
l godfrey	tm ryan	da burney	u gohlich	wl jungers	a walker	...
b qiu	k ivanova	j yen	p liu	fe ritter
f cobb payton	l kvasny
